<?xml version="1.0" encoding="UTF-8"?>
<coverage generated="1627950720">
  <project timestamp="1627950720">
    <file name="/Users/jschuler/Projects/draftkings_php/app/Console/Kernel.php">
      <class name="App\Console\Kernel" namespace="global">
        <metrics complexity="2" methods="2" coveredmethods="1" conditionals="0" coveredconditionals="0" statements="4" coveredstatements="3" elements="6" coveredelements="4"/>
      </class>
      <line num="25" type="method" name="schedule" visibility="protected" complexity="1" crap="2" count="0"/>
      <line num="28" type="stmt" count="0"/>
      <line num="35" type="method" name="commands" visibility="protected" complexity="1" crap="1" count="1"/>
      <line num="37" type="stmt" count="1"/>
      <line num="39" type="stmt" count="1"/>
      <line num="40" type="stmt" count="1"/>
      <metrics loc="41" ncloc="25" classes="1" methods="2" coveredmethods="1" conditionals="0" coveredconditionals="0" statements="4" coveredstatements="3" elements="6" coveredelements="4"/>
    </file>
    <file name="/Users/jschuler/Projects/draftkings_php/app/Exceptions/Handler.php">
      <class name="App\Exceptions\Handler" namespace="global">
        <metrics complexity="1" methods="1" coveredmethods="1" conditionals="0" coveredconditionals="0" statements="3" coveredstatements="3" elements="4" coveredelements="4"/>
      </class>
      <line num="35" type="method" name="register" visibility="public" complexity="1" crap="1" count="1"/>
      <line num="37" type="stmt" count="1"/>
      <line num="39" type="stmt" count="1"/>
      <line num="40" type="stmt" count="1"/>
      <metrics loc="41" ncloc="26" classes="1" methods="1" coveredmethods="1" conditionals="0" coveredconditionals="0" statements="3" coveredstatements="3" elements="4" coveredelements="4"/>
    </file>
    <file name="/Users/jschuler/Projects/draftkings_php/app/Http/Controllers/Controller.php">
      <class name="App\Http\Controllers\Controller" namespace="global">
        <metrics complexity="0" methods="0" coveredmethods="0" conditionals="0" coveredconditionals="0" statements="0" coveredstatements="0" elements="0" coveredelements="0"/>
      </class>
      <metrics loc="13" ncloc="13" classes="0" methods="0" coveredmethods="0" conditionals="0" coveredconditionals="0" statements="0" coveredstatements="0" elements="0" coveredelements="0"/>
    </file>
    <file name="/Users/jschuler/Projects/draftkings_php/app/Http/Controllers/DraftkingsController.php">
      <class name="App\Http\Controllers\DraftkingsController" namespace="global">
        <metrics complexity="2" methods="2" coveredmethods="0" conditionals="0" coveredconditionals="0" statements="4" coveredstatements="0" elements="6" coveredelements="0"/>
      </class>
      <line num="10" type="method" name="getPlayers" visibility="public" complexity="1" crap="2" count="0"/>
      <line num="12" type="stmt" count="0"/>
      <line num="13" type="stmt" count="0"/>
      <line num="15" type="stmt" count="0"/>
      <line num="18" type="method" name="generateRoster" visibility="public" complexity="1" crap="2" count="0"/>
      <line num="21" type="stmt" count="0"/>
      <metrics loc="22" ncloc="22" classes="1" methods="2" coveredmethods="0" conditionals="0" coveredconditionals="0" statements="4" coveredstatements="0" elements="6" coveredelements="0"/>
    </file>
    <file name="/Users/jschuler/Projects/draftkings_php/app/Http/Kernel.php">
      <class name="App\Http\Kernel" namespace="global">
        <metrics complexity="0" methods="0" coveredmethods="0" conditionals="0" coveredconditionals="0" statements="0" coveredstatements="0" elements="0" coveredelements="0"/>
      </class>
      <metrics loc="66" ncloc="45" classes="0" methods="0" coveredmethods="0" conditionals="0" coveredconditionals="0" statements="0" coveredstatements="0" elements="0" coveredelements="0"/>
    </file>
    <file name="/Users/jschuler/Projects/draftkings_php/app/Http/Middleware/Authenticate.php">
      <class name="App\Http\Middleware\Authenticate" namespace="global">
        <metrics complexity="2" methods="1" coveredmethods="0" conditionals="0" coveredconditionals="0" statements="3" coveredstatements="0" elements="4" coveredelements="0"/>
      </class>
      <line num="15" type="method" name="redirectTo" visibility="protected" complexity="2" crap="6" count="0"/>
      <line num="17" type="stmt" count="0"/>
      <line num="18" type="stmt" count="0"/>
      <line num="20" type="stmt" count="0"/>
      <metrics loc="21" ncloc="15" classes="1" methods="1" coveredmethods="0" conditionals="0" coveredconditionals="0" statements="3" coveredstatements="0" elements="4" coveredelements="0"/>
    </file>
    <file name="/Users/jschuler/Projects/draftkings_php/app/Http/Middleware/EncryptCookies.php">
      <class name="App\Http\Middleware\EncryptCookies" namespace="global">
        <metrics complexity="0" methods="0" coveredmethods="0" conditionals="0" coveredconditionals="0" statements="0" coveredstatements="0" elements="0" coveredelements="0"/>
      </class>
      <metrics loc="17" ncloc="12" classes="0" methods="0" coveredmethods="0" conditionals="0" coveredconditionals="0" statements="0" coveredstatements="0" elements="0" coveredelements="0"/>
    </file>
    <file name="/Users/jschuler/Projects/draftkings_php/app/Http/Middleware/PreventRequestsDuringMaintenance.php">
      <class name="App\Http\Middleware\PreventRequestsDuringMaintenance" namespace="global">
        <metrics complexity="0" methods="0" coveredmethods="0" conditionals="0" coveredconditionals="0" statements="0" coveredstatements="0" elements="0" coveredelements="0"/>
      </class>
      <metrics loc="17" ncloc="12" classes="0" methods="0" coveredmethods="0" conditionals="0" coveredconditionals="0" statements="0" coveredstatements="0" elements="0" coveredelements="0"/>
    </file>
    <file name="/Users/jschuler/Projects/draftkings_php/app/Http/Middleware/RedirectIfAuthenticated.php">
      <class name="App\Http\Middleware\RedirectIfAuthenticated" namespace="global">
        <metrics complexity="4" methods="1" coveredmethods="0" conditionals="0" coveredconditionals="0" statements="5" coveredstatements="0" elements="6" coveredelements="0"/>
      </class>
      <line num="20" type="method" name="handle" visibility="public" complexity="4" crap="20" count="0"/>
      <line num="22" type="stmt" count="0"/>
      <line num="24" type="stmt" count="0"/>
      <line num="25" type="stmt" count="0"/>
      <line num="26" type="stmt" count="0"/>
      <line num="30" type="stmt" count="0"/>
      <metrics loc="32" ncloc="24" classes="1" methods="1" coveredmethods="0" conditionals="0" coveredconditionals="0" statements="5" coveredstatements="0" elements="6" coveredelements="0"/>
    </file>
    <file name="/Users/jschuler/Projects/draftkings_php/app/Http/Middleware/TrimStrings.php">
      <class name="App\Http\Middleware\TrimStrings" namespace="global">
        <metrics complexity="0" methods="0" coveredmethods="0" conditionals="0" coveredconditionals="0" statements="0" coveredstatements="0" elements="0" coveredelements="0"/>
      </class>
      <metrics loc="19" ncloc="14" classes="0" methods="0" coveredmethods="0" conditionals="0" coveredconditionals="0" statements="0" coveredstatements="0" elements="0" coveredelements="0"/>
    </file>
    <file name="/Users/jschuler/Projects/draftkings_php/app/Http/Middleware/TrustHosts.php">
      <class name="App\Http\Middleware\TrustHosts" namespace="global">
        <metrics complexity="1" methods="1" coveredmethods="0" conditionals="0" coveredconditionals="0" statements="1" coveredstatements="0" elements="2" coveredelements="0"/>
      </class>
      <line num="14" type="method" name="hosts" visibility="public" complexity="1" crap="2" count="0"/>
      <line num="17" type="stmt" count="0"/>
      <metrics loc="20" ncloc="15" classes="1" methods="1" coveredmethods="0" conditionals="0" coveredconditionals="0" statements="1" coveredstatements="0" elements="2" coveredelements="0"/>
    </file>
    <file name="/Users/jschuler/Projects/draftkings_php/app/Http/Middleware/TrustProxies.php">
      <class name="App\Http\Middleware\TrustProxies" namespace="global">
        <metrics complexity="0" methods="0" coveredmethods="0" conditionals="0" coveredconditionals="0" statements="0" coveredstatements="0" elements="0" coveredelements="0"/>
      </class>
      <metrics loc="23" ncloc="13" classes="0" methods="0" coveredmethods="0" conditionals="0" coveredconditionals="0" statements="0" coveredstatements="0" elements="0" coveredelements="0"/>
    </file>
    <file name="/Users/jschuler/Projects/draftkings_php/app/Http/Middleware/VerifyCsrfToken.php">
      <class name="App\Http\Middleware\VerifyCsrfToken" namespace="global">
        <metrics complexity="0" methods="0" coveredmethods="0" conditionals="0" coveredconditionals="0" statements="0" coveredstatements="0" elements="0" coveredelements="0"/>
      </class>
      <metrics loc="17" ncloc="12" classes="0" methods="0" coveredmethods="0" conditionals="0" coveredconditionals="0" statements="0" coveredstatements="0" elements="0" coveredelements="0"/>
    </file>
    <file name="/Users/jschuler/Projects/draftkings_php/app/Models/DraftGroup.php">
      <class name="App\Models\DraftGroup" namespace="global">
        <metrics complexity="10" methods="8" coveredmethods="8" conditionals="0" coveredconditionals="0" statements="37" coveredstatements="37" elements="45" coveredelements="45"/>
      </class>
      <line num="19" type="method" name="__construct" visibility="public" complexity="1" crap="1" count="5"/>
      <line num="21" type="stmt" count="5"/>
      <line num="22" type="stmt" count="5"/>
      <line num="23" type="stmt" count="5"/>
      <line num="24" type="stmt" count="5"/>
      <line num="25" type="stmt" count="5"/>
      <line num="26" type="stmt" count="5"/>
      <line num="27" type="stmt" count="5"/>
      <line num="29" type="stmt" count="5"/>
      <line num="30" type="stmt" count="5"/>
      <line num="31" type="stmt" count="5"/>
      <line num="38" type="method" name="getDraftGroupId" visibility="public" complexity="1" crap="1" count="5"/>
      <line num="40" type="stmt" count="5"/>
      <line num="48" type="method" name="getPlayersUrl" visibility="public" complexity="1" crap="1" count="2"/>
      <line num="50" type="stmt" count="2"/>
      <line num="56" type="method" name="setDraftGroupId" visibility="public" complexity="3" crap="3" count="5"/>
      <line num="58" type="stmt" count="5"/>
      <line num="59" type="stmt" count="5"/>
      <line num="61" type="stmt" count="5"/>
      <line num="62" type="stmt" count="5"/>
      <line num="64" type="stmt" count="5"/>
      <line num="65" type="stmt" count="5"/>
      <line num="66" type="stmt" count="5"/>
      <line num="67" type="stmt" count="5"/>
      <line num="70" type="stmt" count="5"/>
      <line num="77" type="method" name="getPlayersFromDraftGroup" visibility="public" complexity="1" crap="1" count="1"/>
      <line num="79" type="stmt" count="1"/>
      <line num="80" type="stmt" count="1"/>
      <line num="81" type="stmt" count="1"/>
      <line num="82" type="stmt" count="1"/>
      <line num="83" type="stmt" count="1"/>
      <line num="85" type="stmt" count="1"/>
      <line num="95" type="method" name="buildDraftGroupUrl" visibility="public" complexity="1" crap="1" count="5"/>
      <line num="97" type="stmt" count="5"/>
      <line num="103" type="method" name="setGameTypeId" visibility="public" complexity="1" crap="1" count="5"/>
      <line num="105" type="stmt" count="5"/>
      <line num="106" type="stmt" count="5"/>
      <line num="107" type="stmt" count="5"/>
      <line num="108" type="stmt" count="5"/>
      <line num="109" type="stmt" count="5"/>
      <line num="110" type="stmt" count="5"/>
      <line num="111" type="stmt" count="5"/>
      <line num="118" type="method" name="getDraftGroupRules" visibility="public" complexity="1" crap="1" count="1"/>
      <line num="120" type="stmt" count="1"/>
      <line num="122" type="stmt" count="1"/>
      <line num="124" type="stmt" count="1"/>
      <metrics loc="123" ncloc="90" classes="1" methods="8" coveredmethods="8" conditionals="0" coveredconditionals="0" statements="37" coveredstatements="37" elements="45" coveredelements="45"/>
    </file>
    <file name="/Users/jschuler/Projects/draftkings_php/app/Models/Roster.php">
      <class name="App\Models\Roster" namespace="global">
        <metrics complexity="2" methods="2" coveredmethods="0" conditionals="0" coveredconditionals="0" statements="7" coveredstatements="0" elements="9" coveredelements="0"/>
      </class>
      <line num="13" type="method" name="__construct" visibility="public" complexity="1" crap="2" count="0"/>
      <line num="15" type="stmt" count="0"/>
      <line num="16" type="stmt" count="0"/>
      <line num="17" type="stmt" count="0"/>
      <line num="19" type="method" name="generateRoster" visibility="public" complexity="1" crap="2" count="0"/>
      <line num="22" type="stmt" count="0"/>
      <line num="23" type="stmt" count="0"/>
      <line num="26" type="stmt" count="0"/>
      <line num="27" type="stmt" count="0"/>
      <line num="28" type="stmt" count="0"/>
      <metrics loc="27" ncloc="25" classes="1" methods="2" coveredmethods="0" conditionals="0" coveredconditionals="0" statements="7" coveredstatements="0" elements="9" coveredelements="0"/>
    </file>
    <file name="/Users/jschuler/Projects/draftkings_php/app/Models/Rules.php">
      <class name="App\Models\Rules" namespace="global">
        <metrics complexity="3" methods="3" coveredmethods="1" conditionals="0" coveredconditionals="0" statements="7" coveredstatements="5" elements="10" coveredelements="6"/>
      </class>
      <line num="11" type="method" name="__construct" visibility="public" complexity="1" crap="1" count="1"/>
      <line num="13" type="stmt" count="1"/>
      <line num="14" type="stmt" count="1"/>
      <line num="15" type="stmt" count="1"/>
      <line num="16" type="stmt" count="1"/>
      <line num="17" type="stmt" count="1"/>
      <line num="24" type="method" name="getLineupTemplate" visibility="public" complexity="1" crap="2" count="0"/>
      <line num="26" type="stmt" count="0"/>
      <line num="34" type="method" name="getSalaryCapRules" visibility="public" complexity="1" crap="2" count="0"/>
      <line num="36" type="stmt" count="0"/>
      <line num="38" type="stmt" count="1"/>
      <metrics loc="37" ncloc="27" classes="1" methods="3" coveredmethods="1" conditionals="0" coveredconditionals="0" statements="7" coveredstatements="5" elements="10" coveredelements="6"/>
    </file>
    <file name="/Users/jschuler/Projects/draftkings_php/app/Models/User.php">
      <class name="App\Models\User" namespace="global">
        <metrics complexity="0" methods="0" coveredmethods="0" conditionals="0" coveredconditionals="0" statements="0" coveredstatements="0" elements="0" coveredelements="0"/>
      </class>
      <metrics loc="43" ncloc="28" classes="0" methods="0" coveredmethods="0" conditionals="0" coveredconditionals="0" statements="0" coveredstatements="0" elements="0" coveredelements="0"/>
    </file>
    <file name="/Users/jschuler/Projects/draftkings_php/app/Providers/AppServiceProvider.php">
      <class name="App\Providers\AppServiceProvider" namespace="global">
        <metrics complexity="2" methods="2" coveredmethods="2" conditionals="0" coveredconditionals="0" statements="2" coveredstatements="2" elements="4" coveredelements="4"/>
      </class>
      <line num="14" type="method" name="register" visibility="public" complexity="1" crap="1" count="1"/>
      <line num="17" type="stmt" count="1"/>
      <line num="24" type="method" name="boot" visibility="public" complexity="1" crap="1" count="1"/>
      <line num="27" type="stmt" count="1"/>
      <metrics loc="28" ncloc="18" classes="1" methods="2" coveredmethods="2" conditionals="0" coveredconditionals="0" statements="2" coveredstatements="2" elements="4" coveredelements="4"/>
    </file>
    <file name="/Users/jschuler/Projects/draftkings_php/app/Providers/AuthServiceProvider.php">
      <class name="App\Providers\AuthServiceProvider" namespace="global">
        <metrics complexity="1" methods="1" coveredmethods="1" conditionals="0" coveredconditionals="0" statements="2" coveredstatements="2" elements="3" coveredelements="3"/>
      </class>
      <line num="24" type="method" name="boot" visibility="public" complexity="1" crap="1" count="1"/>
      <line num="26" type="stmt" count="1"/>
      <line num="29" type="stmt" count="1"/>
      <metrics loc="30" ncloc="20" classes="1" methods="1" coveredmethods="1" conditionals="0" coveredconditionals="0" statements="2" coveredstatements="2" elements="3" coveredelements="3"/>
    </file>
    <file name="/Users/jschuler/Projects/draftkings_php/app/Providers/BroadcastServiceProvider.php">
      <class name="App\Providers\BroadcastServiceProvider" namespace="global">
        <metrics complexity="1" methods="1" coveredmethods="0" conditionals="0" coveredconditionals="0" statements="3" coveredstatements="0" elements="4" coveredelements="0"/>
      </class>
      <line num="15" type="method" name="boot" visibility="public" complexity="1" crap="2" count="0"/>
      <line num="17" type="stmt" count="0"/>
      <line num="19" type="stmt" count="0"/>
      <line num="20" type="stmt" count="0"/>
      <metrics loc="21" ncloc="16" classes="1" methods="1" coveredmethods="0" conditionals="0" coveredconditionals="0" statements="3" coveredstatements="0" elements="4" coveredelements="0"/>
    </file>
    <file name="/Users/jschuler/Projects/draftkings_php/app/Providers/EventServiceProvider.php">
      <class name="App\Providers\EventServiceProvider" namespace="global">
        <metrics complexity="1" methods="1" coveredmethods="1" conditionals="0" coveredconditionals="0" statements="1" coveredstatements="1" elements="2" coveredelements="2"/>
      </class>
      <line num="28" type="method" name="boot" visibility="public" complexity="1" crap="1" count="1"/>
      <line num="31" type="stmt" count="1"/>
      <metrics loc="32" ncloc="22" classes="1" methods="1" coveredmethods="1" conditionals="0" coveredconditionals="0" statements="1" coveredstatements="1" elements="2" coveredelements="2"/>
    </file>
    <file name="/Users/jschuler/Projects/draftkings_php/app/Providers/RouteServiceProvider.php">
      <class name="App\Providers\RouteServiceProvider" namespace="global">
        <metrics complexity="3" methods="2" coveredmethods="1" conditionals="0" coveredconditionals="0" statements="15" coveredstatements="14" elements="17" coveredelements="15"/>
      </class>
      <line num="36" type="method" name="boot" visibility="public" complexity="1" crap="1" count="1"/>
      <line num="38" type="stmt" count="1"/>
      <line num="40" type="stmt" count="1"/>
      <line num="41" type="stmt" count="1"/>
      <line num="42" type="stmt" count="1"/>
      <line num="43" type="stmt" count="1"/>
      <line num="44" type="stmt" count="1"/>
      <line num="46" type="stmt" count="1"/>
      <line num="47" type="stmt" count="1"/>
      <line num="48" type="stmt" count="1"/>
      <line num="49" type="stmt" count="1"/>
      <line num="50" type="stmt" count="1"/>
      <line num="57" type="method" name="configureRateLimiting" visibility="protected" complexity="2" crap="2.06" count="1"/>
      <line num="59" type="stmt" count="1"/>
      <line num="60" type="stmt" count="0"/>
      <line num="61" type="stmt" count="1"/>
      <line num="62" type="stmt" count="1"/>
      <metrics loc="63" ncloc="38" classes="1" methods="2" coveredmethods="1" conditionals="0" coveredconditionals="0" statements="15" coveredstatements="14" elements="17" coveredelements="15"/>
    </file>
    <metrics files="22" loc="753" ncloc="532" classes="14" methods="28" coveredmethods="16" conditionals="0" coveredconditionals="0" statements="94" coveredstatements="67" elements="122" coveredelements="83"/>
  </project>
</coverage>
